# JRE version: Java(TM) SE Runtime Environment (8.0_171-b11) (build 1.8.0_171-b11)
# Java VM: Java HotSpot(TM) 64-Bit Server VM (25.171-b11 mixed mode bsd-amd64 compressed oops)
Heap:
 PSYoungGen      total 273920K, used 25447K [0x0000000795580000, 0x00000007aba00000, 0x00000007c0000000)
  eden space 260096K, 9% used [0x0000000795580000,0x0000000796e59e80,0x00000007a5380000)
  from space 13824K, 0% used [0x00000007a5380000,0x00000007a5380000,0x00000007a6100000)
  to   space 13312K, 0% used [0x00000007aad00000,0x00000007aad00000,0x00000007aba00000)
 ParOldGen       total 70144K, used 19544K [0x0000000740000000, 0x0000000744480000, 0x0000000795580000)
  object space 70144K, 27% used [0x0000000740000000,0x0000000741316308,0x0000000744480000)
 Metaspace       used 36606K, capacity 37376K, committed 37632K, reserved 1083392K
  class space    used 4341K, capacity 4582K, committed 4608K, reserved 1048576K
GC Heap History (10 events):
Event: 3.298 GC heap before
{Heap before GC invocations=7 (full 0):
 PSYoungGen      total 142848K, used 14083K [0x0000000795580000, 0x000000079ee80000, 0x00000007c0000000)
  eden space 132096K, 3% used [0x0000000795580000,0x000000079597e1a0,0x000000079d680000)
  from space 10752K, 92% used [0x000000079e200000,0x000000079ebc2ae8,0x000000079ec80000)
  to   space 11776K, 0% used [0x000000079d680000,0x000000079d680000,0x000000079e200000)
 ParOldGen       total 87552K, used 10778K [0x0000000740000000, 0x0000000745580000, 0x0000000795580000)
  object space 87552K, 12% used [0x0000000740000000,0x0000000740a86830,0x0000000745580000)
 Metaspace       used 20571K, capacity 21108K, committed 21296K, reserved 1069056K
  class space    used 2389K, capacity 2562K, committed 2688K, reserved 1048576K
Event: 3.309 GC heap after
Heap after GC invocations=7 (full 0):
 PSYoungGen      total 143872K, used 5872K [0x0000000795580000, 0x00000007a6e80000, 0x00000007c0000000)
  eden space 132096K, 0% used [0x0000000795580000,0x0000000795580000,0x000000079d680000)
  from space 11776K, 49% used [0x000000079d680000,0x000000079dc3c010,0x000000079e200000)
  to   space 11776K, 0% used [0x00000007a6300000,0x00000007a6300000,0x00000007a6e80000)
 ParOldGen       total 87552K, used 12548K [0x0000000740000000, 0x0000000745580000, 0x0000000795580000)
  object space 87552K, 14% used [0x0000000740000000,0x0000000740c410a0,0x0000000745580000)
 Metaspace       used 20571K, capacity 21108K, committed 21296K, reserved 1069056K
  class space    used 2389K, capacity 2562K, committed 2688K, reserved 1048576K
}
Event: 3.309 GC heap before
{Heap before GC invocations=8 (full 1):
 PSYoungGen      total 143872K, used 5872K [0x0000000795580000, 0x00000007a6e80000, 0x00000007c0000000)
  eden space 132096K, 0% used [0x0000000795580000,0x0000000795580000,0x000000079d680000)
  from space 11776K, 49% used [0x000000079d680000,0x000000079dc3c010,0x000000079e200000)
  to   space 11776K, 0% used [0x00000007a6300000,0x00000007a6300000,0x00000007a6e80000)
 ParOldGen       total 87552K, used 12548K [0x0000000740000000, 0x0000000745580000, 0x0000000795580000)
  object space 87552K, 14% used [0x0000000740000000,0x0000000740c410a0,0x0000000745580000)
 Metaspace       used 20571K, capacity 21108K, committed 21296K, reserved 1069056K
  class space    used 2389K, capacity 2562K, committed 2688K, reserved 1048576K
Event: 3.362 GC heap after
Heap after GC invocations=8 (full 1):
 PSYoungGen      total 143872K, used 0K [0x0000000795580000, 0x00000007a6e80000, 0x00000007c0000000)
  eden space 132096K, 0% used [0x0000000795580000,0x0000000795580000,0x000000079d680000)
  from space 11776K, 0% used [0x000000079d680000,0x000000079d680000,0x000000079e200000)
  to   space 11776K, 0% used [0x00000007a6300000,0x00000007a6300000,0x00000007a6e80000)
 ParOldGen       total 57856K, used 12879K [0x0000000740000000, 0x0000000743880000, 0x0000000795580000)
  object space 57856K, 22% used [0x0000000740000000,0x0000000740c93f40,0x0000000743880000)
 Metaspace       used 20571K, capacity 21108K, committed 21296K, reserved 1069056K
  class space    used 2389K, capacity 2562K, committed 2688K, reserved 1048576K
}
Event: 395.645 GC heap before
{Heap before GC invocations=9 (full 1):
 PSYoungGen      total 143872K, used 132096K [0x0000000795580000, 0x00000007a6e80000, 0x00000007c0000000)
  eden space 132096K, 100% used [0x0000000795580000,0x000000079d680000,0x000000079d680000)
  from space 11776K, 0% used [0x000000079d680000,0x000000079d680000,0x000000079e200000)
  to   space 11776K, 0% used [0x00000007a6300000,0x00000007a6300000,0x00000007a6e80000)
 ParOldGen       total 57856K, used 12879K [0x0000000740000000, 0x0000000743880000, 0x0000000795580000)
  object space 57856K, 22% used [0x0000000740000000,0x0000000740c93f40,0x0000000743880000)
 Metaspace       used 33187K, capacity 33908K, committed 34176K, reserved 1079296K
  class space    used 3899K, capacity 4132K, committed 4224K, reserved 1048576K
Event: 395.758 GC heap after
Heap after GC invocations=9 (full 1):
 PSYoungGen      total 245760K, used 11756K [0x0000000795580000, 0x00000007a6e80000, 0x00000007c0000000)
  eden space 233984K, 0% used [0x0000000795580000,0x0000000795580000,0x00000007a3a00000)
  from space 11776K, 99% used [0x00000007a6300000,0x00000007a6e7b378,0x00000007a6e80000)
  to   space 13824K, 0% used [0x00000007a5380000,0x00000007a5380000,0x00000007a6100000)
 ParOldGen       total 57856K, used 14385K [0x0000000740000000, 0x0000000743880000, 0x0000000795580000)
  object space 57856K, 24% used [0x0000000740000000,0x0000000740e0c5c8,0x0000000743880000)
 Metaspace       used 33187K, capacity 33908K, committed 34176K, reserved 1079296K
  class space    used 3899K, capacity 4132K, committed 4224K, reserved 1048576K
}
Event: 396.261 GC heap before
{Heap before GC invocations=10 (full 1):
 PSYoungGen      total 245760K, used 46334K [0x0000000795580000, 0x00000007a6e80000, 0x00000007c0000000)
  eden space 233984K, 14% used [0x0000000795580000,0x00000007977444d8,0x00000007a3a00000)
  from space 11776K, 99% used [0x00000007a6300000,0x00000007a6e7b378,0x00000007a6e80000)
  to   space 13824K, 0% used [0x00000007a5380000,0x00000007a5380000,0x00000007a6100000)
 ParOldGen       total 57856K, used 14385K [0x0000000740000000, 0x0000000743880000, 0x0000000795580000)
  object space 57856K, 24% used [0x0000000740000000,0x0000000740e0c5c8,0x0000000743880000)
 Metaspace       used 34602K, capacity 35322K, committed 35496K, reserved 1081344K
  class space    used 4083K, capacity 4325K, committed 4352K, reserved 1048576K
Event: 396.273 GC heap after
Heap after GC invocations=10 (full 1):
 PSYoungGen      total 273920K, used 7697K [0x0000000795580000, 0x00000007aba00000, 0x00000007c0000000)
  eden space 260096K, 0% used [0x0000000795580000,0x0000000795580000,0x00000007a5380000)
  from space 13824K, 55% used [0x00000007a5380000,0x00000007a5b044a8,0x00000007a6100000)
  to   space 13312K, 0% used [0x00000007aad00000,0x00000007aad00000,0x00000007aba00000)
 ParOldGen       total 57856K, used 14393K [0x0000000740000000, 0x0000000743880000, 0x0000000795580000)
  object space 57856K, 24% used [0x0000000740000000,0x0000000740e0e5c8,0x0000000743880000)
 Metaspace       used 34602K, capacity 35322K, committed 35496K, reserved 1081344K
  class space    used 4083K, capacity 4325K, committed 4352K, reserved 1048576K
}
Event: 396.273 GC heap before
{Heap before GC invocations=11 (full 2):
 PSYoungGen      total 273920K, used 7697K [0x0000000795580000, 0x00000007aba00000, 0x00000007c0000000)
  eden space 260096K, 0% used [0x0000000795580000,0x0000000795580000,0x00000007a5380000)
  from space 13824K, 55% used [0x00000007a5380000,0x00000007a5b044a8,0x00000007a6100000)
  to   space 13312K, 0% used [0x00000007aad00000,0x00000007aad00000,0x00000007aba00000)
 ParOldGen       total 57856K, used 14393K [0x0000000740000000, 0x0000000743880000, 0x0000000795580000)
  object space 57856K, 24% used [0x0000000740000000,0x0000000740e0e5c8,0x0000000743880000)
 Metaspace       used 34602K, capacity 35322K, committed 35496K, reserved 1081344K
  class space    used 4083K, capacity 4325K, committed 4352K, reserved 1048576K
Event: 396.410 GC heap after
Heap after GC invocations=11 (full 2):
 PSYoungGen      total 273920K, used 0K [0x0000000795580000, 0x00000007aba00000, 0x00000007c0000000)
  eden space 260096K, 0% used [0x0000000795580000,0x0000000795580000,0x00000007a5380000)
  from space 13824K, 0% used [0x00000007a5380000,0x00000007a5380000,0x00000007a6100000)
  to   space 13312K, 0% used [0x00000007aad00000,0x00000007aad00000,0x00000007aba00000)
 ParOldGen       total 70144K, used 19544K [0x0000000740000000, 0x0000000744480000, 0x0000000795580000)
  object space 70144K, 27% used [0x0000000740000000,0x0000000741316308,0x0000000744480000)
 Metaspace       used 34602K, capacity 35322K, committed 35496K, reserved 1081344K
  class space    used 4083K, capacity 4325K, committed 4352K, reserved 1048576K
}

